2022-09-06 14:17:43.9238|0|INFO|Microsoft.Hosting.Lifetime|Application is shutting down... |url: |action: |Microsoft.Extensions.Hosting.Internal.ConsoleLifetime.OnApplicationStopping
2022-09-06 14:19:12.3730|0|DEBUG|ZSCreatorPlatform.Web.WebApi.Program|init main |url: |action: |ZSCreatorPlatform.Web.WebApi.Program.Main
2022-09-06 14:19:13.4007|0|INFO|Microsoft.Hosting.Lifetime|Now listening on: http://localhost:5000 |url: |action: |Microsoft.AspNetCore.Hosting.GenericWebHostService.StartAsync
2022-09-06 14:19:13.4050|0|INFO|Microsoft.Hosting.Lifetime|Application started. Press Ctrl+C to shut down. |url: |action: |Microsoft.Extensions.Hosting.Internal.ConsoleLifetime.OnApplicationStarted
2022-09-06 14:19:13.4050|0|INFO|Microsoft.Hosting.Lifetime|Hosting environment: Development |url: |action: |Microsoft.Extensions.Hosting.Internal.ConsoleLifetime.OnApplicationStarted
2022-09-06 14:19:13.4050|0|INFO|Microsoft.Hosting.Lifetime|Content root path: G:\王林州\发发房项目\发发房微信号拓客\发发房文章创作平台\GitVersion\zscreatorplatform\ZSCreatorPlatform.Web.WebApi |url: |action: |Microsoft.Extensions.Hosting.Internal.ConsoleLifetime.OnApplicationStarted
2022-09-06 14:29:22.6637|0|DEBUG|ZSCreatorPlatform.Web.WebApi.Program|init main |url: |action: |ZSCreatorPlatform.Web.WebApi.Program.Main
2022-09-06 14:29:24.0121|0|INFO|Microsoft.Hosting.Lifetime|Now listening on: http://localhost:5000 |url: |action: |Microsoft.AspNetCore.Hosting.GenericWebHostService.StartAsync
2022-09-06 14:29:24.0325|0|INFO|Microsoft.Hosting.Lifetime|Application started. Press Ctrl+C to shut down. |url: |action: |Microsoft.Extensions.Hosting.Internal.ConsoleLifetime.OnApplicationStarted
2022-09-06 14:29:24.0325|0|INFO|Microsoft.Hosting.Lifetime|Hosting environment: Development |url: |action: |Microsoft.Extensions.Hosting.Internal.ConsoleLifetime.OnApplicationStarted
2022-09-06 14:29:24.0325|0|INFO|Microsoft.Hosting.Lifetime|Content root path: G:\王林州\发发房项目\发发房微信号拓客\发发房文章创作平台\GitVersion\zscreatorplatform\ZSCreatorPlatform.Web.WebApi |url: |action: |Microsoft.Extensions.Hosting.Internal.ConsoleLifetime.OnApplicationStarted
2022-09-06 14:30:25.8773|0|DEBUG|ZSCreatorPlatform.Web.WebApi.Program|init main |url: |action: |ZSCreatorPlatform.Web.WebApi.Program.Main
2022-09-06 14:30:26.9298|0|INFO|Microsoft.Hosting.Lifetime|Now listening on: http://localhost:5000 |url: |action: |Microsoft.AspNetCore.Hosting.GenericWebHostService.StartAsync
2022-09-06 14:30:26.9486|0|INFO|Microsoft.Hosting.Lifetime|Application started. Press Ctrl+C to shut down. |url: |action: |Microsoft.Extensions.Hosting.Internal.ConsoleLifetime.OnApplicationStarted
2022-09-06 14:30:26.9486|0|INFO|Microsoft.Hosting.Lifetime|Hosting environment: Development |url: |action: |Microsoft.Extensions.Hosting.Internal.ConsoleLifetime.OnApplicationStarted
2022-09-06 14:30:26.9486|0|INFO|Microsoft.Hosting.Lifetime|Content root path: G:\王林州\发发房项目\发发房微信号拓客\发发房文章创作平台\GitVersion\zscreatorplatform\ZSCreatorPlatform.Web.WebApi |url: |action: |Microsoft.Extensions.Hosting.Internal.ConsoleLifetime.OnApplicationStarted
2022-09-06 14:31:39.2112|0|DEBUG|ZSCreatorPlatform.Web.WebApi.Program|init main |url: |action: |ZSCreatorPlatform.Web.WebApi.Program.Main
2022-09-06 14:31:57.0469|0|DEBUG|ZSCreatorPlatform.Web.WebApi.Program|init main |url: |action: |ZSCreatorPlatform.Web.WebApi.Program.Main
2022-09-06 14:31:58.0290|0|INFO|Microsoft.Hosting.Lifetime|Now listening on: http://localhost:5000 |url: |action: |Microsoft.AspNetCore.Hosting.GenericWebHostService.StartAsync
2022-09-06 14:31:58.0957|0|INFO|Microsoft.Hosting.Lifetime|Application started. Press Ctrl+C to shut down. |url: |action: |Microsoft.Extensions.Hosting.Internal.ConsoleLifetime.OnApplicationStarted
2022-09-06 14:31:58.0957|0|INFO|Microsoft.Hosting.Lifetime|Hosting environment: Development |url: |action: |Microsoft.Extensions.Hosting.Internal.ConsoleLifetime.OnApplicationStarted
2022-09-06 14:31:58.0957|0|INFO|Microsoft.Hosting.Lifetime|Content root path: G:\王林州\发发房项目\发发房微信号拓客\发发房文章创作平台\GitVersion\zscreatorplatform\ZSCreatorPlatform.Web.WebApi |url: |action: |Microsoft.Extensions.Hosting.Internal.ConsoleLifetime.OnApplicationStarted
2022-09-06 14:32:04.7625|0|DEBUG|ZSCreatorPlatform.Web.WebApi.Program|init main |url: |action: |ZSCreatorPlatform.Web.WebApi.Program.Main
2022-09-06 14:32:05.3810|0|INFO|Microsoft.Hosting.Lifetime|Now listening on: http://localhost:5000 |url: |action: |Microsoft.AspNetCore.Hosting.GenericWebHostService.StartAsync
2022-09-06 14:32:05.3810|0|INFO|Microsoft.Hosting.Lifetime|Application started. Press Ctrl+C to shut down. |url: |action: |Microsoft.Extensions.Hosting.Internal.ConsoleLifetime.OnApplicationStarted
2022-09-06 14:32:05.3810|0|INFO|Microsoft.Hosting.Lifetime|Hosting environment: Development |url: |action: |Microsoft.Extensions.Hosting.Internal.ConsoleLifetime.OnApplicationStarted
2022-09-06 14:32:05.3810|0|INFO|Microsoft.Hosting.Lifetime|Content root path: G:\王林州\发发房项目\发发房微信号拓客\发发房文章创作平台\GitVersion\zscreatorplatform\ZSCreatorPlatform.Web.WebApi |url: |action: |Microsoft.Extensions.Hosting.Internal.ConsoleLifetime.OnApplicationStarted
